  [1m[36mUser Load (0.4ms)[0m  [1mSELECT "users".* FROM "users"[0m
SQLite3::SQLException: no such table: users: SELECT "users".* FROM "users"
  [1m[36m (1.7ms)[0m  [1mCREATE TABLE "schema_migrations" ("version" varchar(255) NOT NULL) [0m
  [1m[35m (0.8ms)[0m  CREATE UNIQUE INDEX "unique_schema_migrations" ON "schema_migrations" ("version")
  [1m[36mActiveRecord::SchemaMigration Load (0.1ms)[0m  [1mSELECT "schema_migrations".* FROM "schema_migrations"[0m
  [1m[36mActiveRecord::SchemaMigration Load (0.1ms)[0m  [1mSELECT "schema_migrations".* FROM "schema_migrations"[0m
Migrating to CreateUsers (20130126200836)
  [1m[35m (0.0ms)[0m  begin transaction
  [1m[36m (0.5ms)[0m  [1mCREATE TABLE "users" ("id" INTEGER PRIMARY KEY AUTOINCREMENT NOT NULL, "user_name" varchar(255), "first_name" varchar(255), "last_name" varchar(255), "created_at" datetime, "updated_at" datetime) [0m
  [1m[35mSQL (0.2ms)[0m  INSERT INTO "schema_migrations" ("version") VALUES (?)  [["version", "20130126200836"]]
  [1m[36m (1.5ms)[0m  [1mcommit transaction[0m
Migrating to CreatePosts (20130126200852)
  [1m[35m (0.1ms)[0m  begin transaction
  [1m[36m (0.6ms)[0m  [1mCREATE TABLE "posts" ("id" INTEGER PRIMARY KEY AUTOINCREMENT NOT NULL, "title" varchar(255), "body" text, "author_id" integer, "created_at" datetime, "updated_at" datetime) [0m
  [1m[35mSQL (0.2ms)[0m  INSERT INTO "schema_migrations" ("version") VALUES (?)  [["version", "20130126200852"]]
  [1m[36m (0.8ms)[0m  [1mcommit transaction[0m
Migrating to CreateComments (20130126200858)
  [1m[35m (0.1ms)[0m  begin transaction
  [1m[36m (0.5ms)[0m  [1mCREATE TABLE "comments" ("id" INTEGER PRIMARY KEY AUTOINCREMENT NOT NULL, "body" text, "author_id" integer, "post_id" integer, "parent_comment_id" integer, "created_at" datetime, "updated_at" datetime) [0m
  [1m[35mSQL (0.2ms)[0m  INSERT INTO "schema_migrations" ("version") VALUES (?)  [["version", "20130126200858"]]
  [1m[36m (0.7ms)[0m  [1mcommit transaction[0m
  [1m[35mActiveRecord::SchemaMigration Load (0.1ms)[0m  SELECT "schema_migrations".* FROM "schema_migrations"
  [1m[36mActiveRecord::SchemaMigration Load (0.1ms)[0m  [1mSELECT "schema_migrations".* FROM "schema_migrations"[0m
  [1m[35m (0.0ms)[0m  begin transaction
  [1m[36mSQL (2.3ms)[0m  [1mINSERT INTO "users" ("created_at", "first_name", "last_name", "updated_at", "user_name") VALUES (?, ?, ?, ?, ?)[0m  [["created_at", Thu, 09 Feb 2017 17:23:02 UTC +00:00], ["first_name", "Ned"], ["last_name", "Ruggeri"], ["updated_at", Thu, 09 Feb 2017 17:23:02 UTC +00:00], ["user_name", "ruggeri"]]
  [1m[35mSQL (0.2ms)[0m  INSERT INTO "users" ("created_at", "first_name", "last_name", "updated_at", "user_name") VALUES (?, ?, ?, ?, ?)  [["created_at", Thu, 09 Feb 2017 17:23:02 UTC +00:00], ["first_name", "Jonathan"], ["last_name", "Tamboer"], ["updated_at", Thu, 09 Feb 2017 17:23:02 UTC +00:00], ["user_name", "tamboer"]]
  [1m[36mSQL (0.4ms)[0m  [1mINSERT INTO "posts" ("author_id", "body", "created_at", "title", "updated_at") VALUES (?, ?, ?, ?, ?)[0m  [["author_id", 1], ["body", "First posting is fun!"], ["created_at", Thu, 09 Feb 2017 17:23:02 UTC +00:00], ["title", "First post!"], ["updated_at", Thu, 09 Feb 2017 17:23:02 UTC +00:00]]
  [1m[35mSQL (0.2ms)[0m  INSERT INTO "comments" ("author_id", "body", "created_at", "post_id", "updated_at") VALUES (?, ?, ?, ?, ?)  [["author_id", 2], ["body", "Great job first posting!"], ["created_at", Thu, 09 Feb 2017 17:23:02 UTC +00:00], ["post_id", 1], ["updated_at", Thu, 09 Feb 2017 17:23:02 UTC +00:00]]
  [1m[36mSQL (0.1ms)[0m  [1mINSERT INTO "comments" ("author_id", "body", "created_at", "parent_comment_id", "post_id", "updated_at") VALUES (?, ?, ?, ?, ?, ?)[0m  [["author_id", 1], ["body", "Thanks!"], ["created_at", Thu, 09 Feb 2017 17:23:02 UTC +00:00], ["parent_comment_id", 1], ["post_id", 1], ["updated_at", Thu, 09 Feb 2017 17:23:02 UTC +00:00]]
  [1m[35m (1.6ms)[0m  commit transaction
  [1m[36mUser Load (2.4ms)[0m  [1mSELECT "users".* FROM "users"[0m
  [1m[35mUser Load (0.2ms)[0m  SELECT "users".* FROM "users" ORDER BY "users"."id" ASC LIMIT 1
  [1m[36mPost Load (1.5ms)[0m  [1mSELECT "posts".* FROM "posts" WHERE "posts"."author_id" = ?[0m  [["author_id", 1]]
  [1m[35mUser Load (0.1ms)[0m  SELECT "users".* FROM "users" ORDER BY "users"."id" ASC LIMIT 1
  [1m[36mUser Load (0.1ms)[0m  [1mSELECT "users".* FROM "users" ORDER BY "users"."id" ASC LIMIT 1[0m
  [1m[35mPost Load (0.1ms)[0m  SELECT "posts".* FROM "posts" WHERE "posts"."author_id" = ?  [["author_id", 1]]
  [1m[36mComment Load (0.1ms)[0m  [1mSELECT "comments".* FROM "comments" WHERE "comments"."post_id" IN (1)[0m
  [1m[35mUser Load (0.1ms)[0m  SELECT "users".* FROM "users" ORDER BY "users"."id" ASC LIMIT 1
  [1m[36mUser Load (0.1ms)[0m  [1mSELECT "users".* FROM "users" ORDER BY "users"."id" ASC LIMIT 1[0m
  [1m[35mPost Load (0.1ms)[0m  SELECT "posts".* FROM "posts" WHERE "posts"."author_id" = ?  [["author_id", 1]]
  [1m[36mComment Load (0.1ms)[0m  [1mSELECT "comments".* FROM "comments" WHERE "comments"."post_id" = ?[0m  [["post_id", 1]]
